# JRE version: OpenJDK Runtime Environment Temurin-21.0.4+7 (21.0.4+7) (build 21.0.4+7-LTS)
# Java VM: OpenJDK 64-Bit Server VM Temurin-21.0.4+7 (21.0.4+7-LTS, mixed mode, tiered, compressed oops, compressed class ptrs, g1 gc, bsd-aarch64)
Heap:
 garbage-first heap   total 32768K, used 13416K [0x0000000780000000, 0x0000000800000000)
  region size 1024K, 5 young (5120K), 2 survivors (2048K)
 Metaspace       used 26008K, committed 26304K, reserved 1114112K
  class space    used 3250K, committed 3392K, reserved 1048576K
GC Heap History (8 events):
Event: 0.522 GC heap before
{Heap before GC invocations=0 (full 0):
 garbage-first heap   total 131072K, used 22528K [0x0000000780000000, 0x0000000800000000)
  region size 1024K, 23 young (23552K), 0 survivors (0K)
 Metaspace       used 13785K, committed 14016K, reserved 1114112K
  class space    used 1412K, committed 1536K, reserved 1048576K
}
Event: 0.524 GC heap after
{Heap after GC invocations=1 (full 0):
 garbage-first heap   total 131072K, used 2994K [0x0000000780000000, 0x0000000800000000)
  region size 1024K, 3 young (3072K), 3 survivors (3072K)
 Metaspace       used 13785K, committed 14016K, reserved 1114112K
  class space    used 1412K, committed 1536K, reserved 1048576K
}
Event: 0.962 GC heap before
{Heap before GC invocations=1 (full 0):
 garbage-first heap   total 131072K, used 34738K [0x0000000780000000, 0x0000000800000000)
  region size 1024K, 35 young (35840K), 3 survivors (3072K)
 Metaspace       used 21195K, committed 21504K, reserved 1114112K
  class space    used 2684K, committed 2816K, reserved 1048576K
}
Event: 0.965 GC heap after
{Heap after GC invocations=2 (full 0):
 garbage-first heap   total 131072K, used 6467K [0x0000000780000000, 0x0000000800000000)
  region size 1024K, 4 young (4096K), 4 survivors (4096K)
 Metaspace       used 21195K, committed 21504K, reserved 1114112K
  class space    used 2684K, committed 2816K, reserved 1048576K
}
Event: 4.689 GC heap before
{Heap before GC invocations=3 (full 0):
 garbage-first heap   total 24576K, used 22851K [0x0000000780000000, 0x0000000800000000)
  region size 1024K, 19 young (19456K), 4 survivors (4096K)
 Metaspace       used 24677K, committed 25024K, reserved 1114112K
  class space    used 3111K, committed 3264K, reserved 1048576K
}
Event: 4.692 GC heap after
{Heap after GC invocations=4 (full 0):
 garbage-first heap   total 30720K, used 10046K [0x0000000780000000, 0x0000000800000000)
  region size 1024K, 6 young (6144K), 6 survivors (6144K)
 Metaspace       used 24677K, committed 25024K, reserved 1114112K
  class space    used 3111K, committed 3264K, reserved 1048576K
}
Event: 13.035 GC heap before
{Heap before GC invocations=4 (full 0):
 garbage-first heap   total 30720K, used 24382K [0x0000000780000000, 0x0000000800000000)
  region size 1024K, 17 young (17408K), 6 survivors (6144K)
 Metaspace       used 25857K, committed 26240K, reserved 1114112K
  class space    used 3243K, committed 3392K, reserved 1048576K
}
Event: 13.041 GC heap after
{Heap after GC invocations=5 (full 0):
 garbage-first heap   total 32768K, used 11368K [0x0000000780000000, 0x0000000800000000)
  region size 1024K, 2 young (2048K), 2 survivors (2048K)
 Metaspace       used 25857K, committed 26240K, reserved 1114112K
  class space    used 3243K, committed 3392K, reserved 1048576K
}

