# JRE version: OpenJDK Runtime Environment Temurin-21.0.4+7 (21.0.4+7) (build 21.0.4+7-LTS)
# Java VM: OpenJDK 64-Bit Server VM Temurin-21.0.4+7 (21.0.4+7-LTS, mixed mode, tiered, compressed oops, compressed class ptrs, g1 gc, bsd-aarch64)
Heap:
 garbage-first heap   total 104448K, used 91491K [0x0000000780000000, 0x0000000800000000)
  region size 1024K, 9 young (9216K), 1 survivors (1024K)
 Metaspace       used 36869K, committed 37312K, reserved 1114112K
  class space    used 4335K, committed 4544K, reserved 1048576K
GC Heap History (20 events):
Event: 8.055 GC heap before
{Heap before GC invocations=5 (full 0):
 garbage-first heap   total 32768K, used 25637K [0x0000000780000000, 0x0000000800000000)
  region size 1024K, 16 young (16384K), 3 survivors (3072K)
 Metaspace       used 33937K, committed 34304K, reserved 1114112K
  class space    used 3991K, committed 4160K, reserved 1048576K
}
Event: 8.056 GC heap after
{Heap after GC invocations=6 (full 0):
 garbage-first heap   total 32768K, used 12925K [0x0000000780000000, 0x0000000800000000)
  region size 1024K, 2 young (2048K), 2 survivors (2048K)
 Metaspace       used 33937K, committed 34304K, reserved 1114112K
  class space    used 3991K, committed 4160K, reserved 1048576K
}
Event: 8.588 GC heap before
{Heap before GC invocations=6 (full 0):
 garbage-first heap   total 32768K, used 18045K [0x0000000780000000, 0x0000000800000000)
  region size 1024K, 7 young (7168K), 2 survivors (2048K)
 Metaspace       used 34548K, committed 34880K, reserved 1114112K
  class space    used 4026K, committed 4160K, reserved 1048576K
}
Event: 8.589 GC heap after
{Heap after GC invocations=7 (full 0):
 garbage-first heap   total 32768K, used 15419K [0x0000000780000000, 0x0000000800000000)
  region size 1024K, 1 young (1024K), 1 survivors (1024K)
 Metaspace       used 34548K, committed 34880K, reserved 1114112K
  class space    used 4026K, committed 4160K, reserved 1048576K
}
Event: 8.681 GC heap before
{Heap before GC invocations=8 (full 0):
 garbage-first heap   total 45056K, used 43067K [0x0000000780000000, 0x0000000800000000)
  region size 1024K, 4 young (4096K), 1 survivors (1024K)
 Metaspace       used 34678K, committed 35008K, reserved 1114112K
  class space    used 4036K, committed 4160K, reserved 1048576K
}
Event: 8.682 GC heap after
{Heap after GC invocations=9 (full 0):
 garbage-first heap   total 47104K, used 17009K [0x0000000780000000, 0x0000000800000000)
  region size 1024K, 2 young (2048K), 2 survivors (2048K)
 Metaspace       used 34678K, committed 35008K, reserved 1114112K
  class space    used 4036K, committed 4160K, reserved 1048576K
}
Event: 8.723 GC heap before
{Heap before GC invocations=9 (full 0):
 garbage-first heap   total 53248K, used 50801K [0x0000000780000000, 0x0000000800000000)
  region size 1024K, 5 young (5120K), 2 survivors (2048K)
 Metaspace       used 35248K, committed 35584K, reserved 1114112K
  class space    used 4159K, committed 4288K, reserved 1048576K
}
Event: 8.724 GC heap after
{Heap after GC invocations=10 (full 0):
 garbage-first heap   total 56320K, used 21260K [0x0000000780000000, 0x0000000800000000)
  region size 1024K, 2 young (2048K), 2 survivors (2048K)
 Metaspace       used 35248K, committed 35584K, reserved 1114112K
  class space    used 4159K, committed 4288K, reserved 1048576K
}
Event: 8.753 GC heap before
{Heap before GC invocations=10 (full 0):
 garbage-first heap   total 56320K, used 27404K [0x0000000780000000, 0x0000000800000000)
  region size 1024K, 5 young (5120K), 2 survivors (2048K)
 Metaspace       used 35630K, committed 35968K, reserved 1114112K
  class space    used 4249K, committed 4416K, reserved 1048576K
}
Event: 8.754 GC heap after
{Heap after GC invocations=11 (full 0):
 garbage-first heap   total 67584K, used 25930K [0x0000000780000000, 0x0000000800000000)
  region size 1024K, 2 young (2048K), 2 survivors (2048K)
 Metaspace       used 35630K, committed 35968K, reserved 1114112K
  class space    used 4249K, committed 4416K, reserved 1048576K
}
Event: 9.062 GC heap before
{Heap before GC invocations=11 (full 0):
 garbage-first heap   total 67584K, used 47434K [0x0000000780000000, 0x0000000800000000)
  region size 1024K, 19 young (19456K), 2 survivors (2048K)
 Metaspace       used 35791K, committed 36160K, reserved 1114112K
  class space    used 4251K, committed 4416K, reserved 1048576K
}
Event: 9.063 GC heap after
{Heap after GC invocations=12 (full 0):
 garbage-first heap   total 67584K, used 30768K [0x0000000780000000, 0x0000000800000000)
  region size 1024K, 4 young (4096K), 4 survivors (4096K)
 Metaspace       used 35791K, committed 36160K, reserved 1114112K
  class space    used 4251K, committed 4416K, reserved 1048576K
}
Event: 9.063 GC heap before
{Heap before GC invocations=12 (full 0):
 garbage-first heap   total 67584K, used 32816K [0x0000000780000000, 0x0000000800000000)
  region size 1024K, 5 young (5120K), 4 survivors (4096K)
 Metaspace       used 35791K, committed 36160K, reserved 1114112K
  class space    used 4251K, committed 4416K, reserved 1048576K
}
Event: 9.064 GC heap after
{Heap after GC invocations=13 (full 0):
 garbage-first heap   total 67584K, used 32829K [0x0000000780000000, 0x0000000800000000)
  region size 1024K, 1 young (1024K), 1 survivors (1024K)
 Metaspace       used 35791K, committed 36160K, reserved 1114112K
  class space    used 4251K, committed 4416K, reserved 1048576K
}
Event: 9.272 GC heap before
{Heap before GC invocations=14 (full 0):
 garbage-first heap   total 77824K, used 74813K [0x0000000780000000, 0x0000000800000000)
  region size 1024K, 17 young (17408K), 1 survivors (1024K)
 Metaspace       used 36140K, committed 36544K, reserved 1114112K
  class space    used 4281K, committed 4480K, reserved 1048576K
}
Event: 9.272 GC heap after
{Heap after GC invocations=15 (full 0):
 garbage-first heap   total 79872K, used 42717K [0x0000000780000000, 0x0000000800000000)
  region size 1024K, 2 young (2048K), 2 survivors (2048K)
 Metaspace       used 36140K, committed 36544K, reserved 1114112K
  class space    used 4281K, committed 4480K, reserved 1048576K
}
Event: 9.404 GC heap before
{Heap before GC invocations=15 (full 0):
 garbage-first heap   total 82944K, used 80605K [0x0000000780000000, 0x0000000800000000)
  region size 1024K, 7 young (7168K), 2 survivors (2048K)
 Metaspace       used 36143K, committed 36544K, reserved 1114112K
  class space    used 4281K, committed 4480K, reserved 1048576K
}
Event: 9.406 GC heap after
{Heap after GC invocations=16 (full 0):
 garbage-first heap   total 87040K, used 53999K [0x0000000780000000, 0x0000000800000000)
  region size 1024K, 3 young (3072K), 3 survivors (3072K)
 Metaspace       used 36143K, committed 36544K, reserved 1114112K
  class space    used 4281K, committed 4480K, reserved 1048576K
}
Event: 9.406 GC heap before
{Heap before GC invocations=16 (full 0):
 garbage-first heap   total 87040K, used 53999K [0x0000000780000000, 0x0000000800000000)
  region size 1024K, 4 young (4096K), 3 survivors (3072K)
 Metaspace       used 36143K, committed 36544K, reserved 1114112K
  class space    used 4281K, committed 4480K, reserved 1048576K
}
Event: 9.407 GC heap after
{Heap after GC invocations=17 (full 0):
 garbage-first heap   total 87040K, used 55651K [0x0000000780000000, 0x0000000800000000)
  region size 1024K, 1 young (1024K), 1 survivors (1024K)
 Metaspace       used 36143K, committed 36544K, reserved 1114112K
  class space    used 4281K, committed 4480K, reserved 1048576K
}

